
**** Build of configuration Debug for project Lab_2 ****

"C:\\ti\\ccs1010\\ccs\\utils\\bin\\gmake" -k -j 8 all -O 
 
Building file: "../lab7_main.c"
Invoking: ARM Compiler
"C:/ti/ccs1010/ccs/tools/compiler/ti-cgt-arm_20.2.1.LTS/bin/armcl" -mv7M4 --code_state=16 --float_support=FPv4SPD16 -me --include_path="U:/CPRE288/LAB07/Lab_2" --include_path="C:/ti/TivaWare_C_Series-2.1.4.178" --include_path="C:/ti/ccs1010/ccs/tools/compiler/ti-cgt-arm_20.2.1.LTS/include" --define=ccs="ccs" --define=PART_TM4C123GH6PM -g --gcc --diag_warning=225 --diag_wrap=off --display_error_number --abi=eabi --preproc_with_compile --preproc_dependency="lab7_main.d_raw"  "../lab7_main.c"
 
>> Compilation failure
subdir_rules.mk:9: recipe for target 'lab7_main.obj' failed
"../lab7_main.c", line 12: warning #78-D: this declaration has no storage class or type specifier
"../lab7_main.c", line 12: error #148: declaration is incompatible with "void lcd_init(void)" (declared at line 24 of "..\lcd.h")
"../lab7_main.c", line 13: warning #78-D: this declaration has no storage class or type specifier
"../lab7_main.c", line 13: error #148: declaration is incompatible with "void timer_init(void)" (declared at line 21 of "..\Timer.h")
"../lab7_main.c", line 14: warning #78-D: this declaration has no storage class or type specifier
"../lab7_main.c", line 14: error #148: declaration is incompatible with "void cyBot_uart_init(void)" (declared at line 36 of "..\cyBot_uart.h")
"../lab7_main.c", line 37: warning #225-D: function "uart_init" declared implicitly
"../lab7_main.c", line 40: warning #225-D: function "uart_sendStr" declared implicitly
3 errors detected in the compilation of "../lab7_main.c".
gmake: *** [lab7_main.obj] Error 1
gmake: Target 'all' not remade because of errors.

**** Build Finished ****
